<?xml version="1.0" encoding="UTF-8"?>
<testsuite name="com.example.webapp_02_sp04.Webapp02Sp04ApplicationTests" tests="1" skipped="0" failures="0" errors="0" timestamp="2025-01-05T09:46:26" hostname="DESKTOP-6I03OK2" time="1.139">
  <properties/>
  <testcase name="contextLoads()" classname="com.example.webapp_02_sp04.Webapp02Sp04ApplicationTests" time="1.139"/>
  <system-out><![CDATA[18:46:11.883 [Test worker] INFO org.springframework.test.context.support.AnnotationConfigContextLoaderUtils -- Could not detect default configuration classes for test class [com.example.webapp_02_sp04.Webapp02Sp04ApplicationTests]: Webapp02Sp04ApplicationTests does not declare any static, non-private, non-final, nested classes annotated with @Configuration.
18:46:12.138 [Test worker] INFO org.springframework.boot.test.context.SpringBootTestContextBootstrapper -- Found @SpringBootConfiguration com.example.webapp_02_sp04.Webapp02Sp04Application for test class com.example.webapp_02_sp04.Webapp02Sp04ApplicationTests

  .   ____          _            __ _ _
 /\\ / ___'_ __ _ _(_)_ __  __ _ \ \ \ \
( ( )\___ | '_ | '_| | '_ \/ _` | \ \ \ \
 \\/  ___)| |_)| | | | | || (_| |  ) ) ) )
  '  |____| .__|_| |_|_| |_\__, | / / / /
 =========|_|==============|___/=/_/_/_/

 :: Spring Boot ::                (v3.4.0)

2025-01-05T18:46:13.944+09:00  INFO 12416 --- [webapp_02_sp04] [    Test worker] c.e.w.Webapp02Sp04ApplicationTests       : Starting Webapp02Sp04ApplicationTests using Java 23.0.1 with PID 12416 (started by owner in C:\workspace_for_VSCode\webapp_02_sp04)
2025-01-05T18:46:13.951+09:00  INFO 12416 --- [webapp_02_sp04] [    Test worker] c.e.w.Webapp02Sp04ApplicationTests       : No active profile set, falling back to 1 default profile: "default"
2025-01-05T18:46:17.695+09:00  INFO 12416 --- [webapp_02_sp04] [    Test worker] .s.d.r.c.RepositoryConfigurationDelegate : Bootstrapping Spring Data JPA repositories in DEFAULT mode.
2025-01-05T18:46:17.903+09:00  INFO 12416 --- [webapp_02_sp04] [    Test worker] .s.d.r.c.RepositoryConfigurationDelegate : Finished Spring Data repository scanning in 151 ms. Found 1 JPA repository interface.
2025-01-05T18:46:19.160+09:00  INFO 12416 --- [webapp_02_sp04] [    Test worker] o.hibernate.jpa.internal.util.LogHelper  : HHH000204: Processing PersistenceUnitInfo [name: default]
2025-01-05T18:46:19.338+09:00  INFO 12416 --- [webapp_02_sp04] [    Test worker] org.hibernate.Version                    : HHH000412: Hibernate ORM core version 6.6.2.Final
2025-01-05T18:46:19.437+09:00  INFO 12416 --- [webapp_02_sp04] [    Test worker] o.h.c.internal.RegionFactoryInitiator    : HHH000026: Second-level cache disabled
2025-01-05T18:46:20.212+09:00  INFO 12416 --- [webapp_02_sp04] [    Test worker] o.s.o.j.p.SpringPersistenceUnitInfo      : No LoadTimeWeaver setup: ignoring JPA class transformer
2025-01-05T18:46:20.285+09:00  INFO 12416 --- [webapp_02_sp04] [    Test worker] com.zaxxer.hikari.HikariDataSource       : HikariPool-1 - Starting...
2025-01-05T18:46:21.240+09:00  INFO 12416 --- [webapp_02_sp04] [    Test worker] com.zaxxer.hikari.pool.HikariPool        : HikariPool-1 - Added connection com.mysql.cj.jdbc.ConnectionImpl@6ec3a4c2
2025-01-05T18:46:21.246+09:00  INFO 12416 --- [webapp_02_sp04] [    Test worker] com.zaxxer.hikari.HikariDataSource       : HikariPool-1 - Start completed.
2025-01-05T18:46:21.505+09:00  INFO 12416 --- [webapp_02_sp04] [    Test worker] org.hibernate.orm.connections.pooling    : HHH10001005: Database info:
	Database JDBC URL [Connecting through datasource 'HikariDataSource (HikariPool-1)']
	Database driver: undefined/unknown
	Database version: 8.0.36
	Autocommit mode: undefined/unknown
	Isolation level: undefined/unknown
	Minimum pool size: undefined/unknown
	Maximum pool size: undefined/unknown
2025-01-05T18:46:23.601+09:00  INFO 12416 --- [webapp_02_sp04] [    Test worker] o.h.e.t.j.p.i.JtaPlatformInitiator       : HHH000489: No JTA platform available (set 'hibernate.transaction.jta.platform' to enable JTA platform integration)
2025-01-05T18:46:23.712+09:00  INFO 12416 --- [webapp_02_sp04] [    Test worker] j.LocalContainerEntityManagerFactoryBean : Initialized JPA EntityManagerFactory for persistence unit 'default'
2025-01-05T18:46:24.800+09:00  WARN 12416 --- [webapp_02_sp04] [    Test worker] JpaBaseConfiguration$JpaWebConfiguration : spring.jpa.open-in-view is enabled by default. Therefore, database queries may be performed during view rendering. Explicitly configure spring.jpa.open-in-view to disable this warning
2025-01-05T18:46:24.849+09:00  INFO 12416 --- [webapp_02_sp04] [    Test worker] o.s.b.a.w.s.WelcomePageHandlerMapping    : Adding welcome page: class path resource [static/index.html]
2025-01-05T18:46:26.236+09:00  INFO 12416 --- [webapp_02_sp04] [    Test worker] c.e.w.Webapp02Sp04ApplicationTests       : Started Webapp02Sp04ApplicationTests in 13.356 seconds (process running for 17.04)
]]></system-out>
  <system-err><![CDATA[Mockito is currently self-attaching to enable the inline-mock-maker. This will no longer work in future releases of the JDK. Please add Mockito as an agent to your build what is described in Mockito's documentation: https://javadoc.io/doc/org.mockito/mockito-core/latest/org/mockito/Mockito.html#0.3
WARNING: A Java agent has been loaded dynamically (C:\Users\owner\.gradle\caches\modules-2\files-2.1\net.bytebuddy\byte-buddy-agent\1.15.10\e8eb255b2c378b9a6c7341e7b0e12f0a5636377\byte-buddy-agent-1.15.10.jar)
WARNING: If a serviceability tool is in use, please run with -XX:+EnableDynamicAgentLoading to hide this warning
WARNING: If a serviceability tool is not in use, please run with -Djdk.instrument.traceUsage for more information
WARNING: Dynamic loading of agents will be disallowed by default in a future release
]]></system-err>
</testsuite>
